<?xml version="1.0" encoding="UTF-8" ?>
<testsuite failures="0" time="0.004" errors="0" skipped="0" tests="2" name="com.jinbal.aimia.number.reader.DefaultNumberReaderStrategyImplTest">
  <properties>
    <property name="java.runtime.name" value="Java(TM) SE Runtime Environment"/>
    <property name="sun.boot.library.path" value="C:\Program Files\Java\jdk1.6.0_25\jre\bin"/>
    <property name="java.vm.version" value="20.0-b11"/>
    <property name="java.vm.vendor" value="Sun Microsystems Inc."/>
    <property name="java.vendor.url" value="http://java.sun.com/"/>
    <property name="path.separator" value=";"/>
    <property name="java.vm.name" value="Java HotSpot(TM) Client VM"/>
    <property name="file.encoding.pkg" value="sun.io"/>
    <property name="user.country" value="GB"/>
    <property name="sun.java.launcher" value="SUN_STANDARD"/>
    <property name="sun.os.patch.level" value="Service Pack 2"/>
    <property name="java.vm.specification.name" value="Java Virtual Machine Specification"/>
    <property name="user.dir" value="J:\development\jinbal-AILA-test\jinbal-number-converter"/>
    <property name="java.runtime.version" value="1.6.0_25-b06"/>
    <property name="java.awt.graphicsenv" value="sun.awt.Win32GraphicsEnvironment"/>
    <property name="basedir" value="J:\development\jinbal-AILA-test\jinbal-number-converter"/>
    <property name="java.endorsed.dirs" value="C:\Program Files\Java\jdk1.6.0_25\jre\lib\endorsed"/>
    <property name="os.arch" value="x86"/>
    <property name="surefire.real.class.path" value="C:\Users\Jin2\AppData\Local\Temp\surefirebooter6821413896665523127.jar"/>
    <property name="java.io.tmpdir" value="C:\Users\Jin2\AppData\Local\Temp\"/>
    <property name="line.separator" value="
"/>
    <property name="java.vm.specification.vendor" value="Sun Microsystems Inc."/>
    <property name="user.variant" value=""/>
    <property name="os.name" value="Windows Vista"/>
    <property name="sun.jnu.encoding" value="Cp1252"/>
    <property name="java.library.path" value="C:\Program Files\Java\jdk1.6.0_25\jre\bin;.;C:\Windows\Sun\Java\bin;C:\Windows\system32;C:\Windows;C:\Program Files\Microsoft SDKs\Windows\v6.0\VC\Bin;C:\Program Files\Microsoft SDKs\Windows\v6.0\Bin;C:\Windows\Microsoft.NET\Framework\v2.0.50727;C:\Windows\system32;C:\Windows;C:\Windows\System32\Wbem;C:\Windows\System32\WindowsPowerShell\v1.0\;J:\development\apache-ant-1.8.2-bin\bin;C:\Program Files\MySQL\MySQL Server 5.5\bin;C:\development\grails-1.4.0.M1\bin;J:\development\apache-maven-2.2.1\bin;C:\Program Files\Microsoft SQL Server\110\Tools\Binn\;C:\Program Files\Microsoft SQL Server\110\DTS\Binn\;C:\Program Files\Microsoft SQL Server\110\Tools\Binn\ManagementStudio\"/>
    <property name="surefire.test.class.path" value="J:\development\jinbal-AILA-test\jinbal-number-converter\target\test-classes;J:\development\jinbal-AILA-test\jinbal-number-converter\target\classes;C:\Users\Jin2\.m2\repository\junit\junit\4.8.2\junit-4.8.2.jar;"/>
    <property name="java.specification.name" value="Java Platform API Specification"/>
    <property name="java.class.version" value="50.0"/>
    <property name="sun.management.compiler" value="HotSpot Client Compiler"/>
    <property name="os.version" value="6.0"/>
    <property name="user.home" value="C:\Users\Jin2"/>
    <property name="user.timezone" value=""/>
    <property name="java.awt.printerjob" value="sun.awt.windows.WPrinterJob"/>
    <property name="java.specification.version" value="1.6"/>
    <property name="file.encoding" value="Cp1252"/>
    <property name="user.name" value="Jin2"/>
    <property name="java.class.path" value="J:\development\jinbal-AILA-test\jinbal-number-converter\target\test-classes;J:\development\jinbal-AILA-test\jinbal-number-converter\target\classes;C:\Users\Jin2\.m2\repository\junit\junit\4.8.2\junit-4.8.2.jar;"/>
    <property name="java.vm.specification.version" value="1.0"/>
    <property name="sun.arch.data.model" value="32"/>
    <property name="java.home" value="C:\Program Files\Java\jdk1.6.0_25\jre"/>
    <property name="sun.java.command" value="C:\Users\Jin2\AppData\Local\Temp\surefirebooter6821413896665523127.jar C:\Users\Jin2\AppData\Local\Temp\surefire4458250043373144626tmp C:\Users\Jin2\AppData\Local\Temp\surefire4475869299872449401tmp"/>
    <property name="java.specification.vendor" value="Sun Microsystems Inc."/>
    <property name="user.language" value="en"/>
    <property name="awt.toolkit" value="sun.awt.windows.WToolkit"/>
    <property name="java.vm.info" value="mixed mode, sharing"/>
    <property name="java.version" value="1.6.0_25"/>
    <property name="java.ext.dirs" value="C:\Program Files\Java\jdk1.6.0_25\jre\lib\ext;C:\Windows\Sun\Java\lib\ext"/>
    <property name="sun.boot.class.path" value="C:\Program Files\Java\jdk1.6.0_25\jre\lib\resources.jar;C:\Program Files\Java\jdk1.6.0_25\jre\lib\rt.jar;C:\Program Files\Java\jdk1.6.0_25\jre\lib\sunrsasign.jar;C:\Program Files\Java\jdk1.6.0_25\jre\lib\jsse.jar;C:\Program Files\Java\jdk1.6.0_25\jre\lib\jce.jar;C:\Program Files\Java\jdk1.6.0_25\jre\lib\charsets.jar;C:\Program Files\Java\jdk1.6.0_25\jre\lib\modules\jdk.boot.jar;C:\Program Files\Java\jdk1.6.0_25\jre\classes"/>
    <property name="java.vendor" value="Sun Microsystems Inc."/>
    <property name="localRepository" value="C:\Users\Jin2\.m2\repository"/>
    <property name="file.separator" value="\"/>
    <property name="java.vendor.url.bug" value="http://java.sun.com/cgi-bin/bugreport.cgi"/>
    <property name="sun.cpu.endian" value="little"/>
    <property name="sun.io.unicode.encoding" value="UnicodeLittle"/>
    <property name="sun.desktop" value="windows"/>
    <property name="sun.cpu.isalist" value="pentium_pro+mmx pentium_pro pentium+mmx pentium i486 i386 i86"/>
  </properties>
  <testcase time="0.002" classname="com.jinbal.aimia.number.reader.DefaultNumberReaderStrategyImplTest" name="shouldSegmentNumberAndReturnInDescendingMagnitudeOrder"/>
  <testcase time="0" classname="com.jinbal.aimia.number.reader.DefaultNumberReaderStrategyImplTest" name="shouldSegmentNumberLessThan1000IntoSingleHundredSegment"/>
</testsuite>